16:50:17 **** Incremental Build of configuration Debug for project M-PFW-043-00 ****
Info: Internal Builder is used for build
arm-atollic-eabi-gcc -c -mthumb -mcpu=cortex-m7 -mfloat-abi=hard -mfpu=fpv5-sp-d16 -std=gnu11 -D__weak=__attribute__((weak)) -D__packed=__attribute__((__packed__)) -DUSE_HAL_DRIVER -DSTM32F769xx -I../Drivers/STM32F7xx_HAL_Driver/Inc -I../Drivers/STM32F7xx_HAL_Driver/Inc/Legacy -I../Middlewares/ST/STM32_USB_Host_Library/Core/Inc -I../Middlewares/ST/STM32_USB_Host_Library/Class/MSC/Inc -I../Drivers/CMSIS/Device/ST/STM32F7xx/Include -I../Middlewares/Third_Party/FatFs/src -I../Drivers/CMSIS/Include -I../Project_Headers -I../Project_Source -I../Project_Source/Event_Management -I../Project_Source/Threat_Management -I../VisionShared -I../VisionShared/MasterInterface -I../VisionShared/TagTypes -I../Fonts -I../Header -I../Header/F769 -I../Header/BSP -I../Header/ICs -I../Project_Source/USB -I../Project_Source/System_Control -I../Project_Source/Interface -I../Middlewares/Third_Party/LwIP/system -I../LWIP -I../Middlewares/Third_Party/LwIP/src/include/lwip/prot -I../Middlewares/Third_Party/LwIP/src/include -I../Middlewares/Third_Party/LwIP/src/include/netif/ppp -I../Middlewares/Third_Party/LwIP/src/include/lwip/apps -I../Middlewares/Third_Party/LwIP/src/include/lwip/priv -I../Middlewares/Third_Party/LwIP/src/include/netif -I../Middlewares/Third_Party/LwIP/src/include/posix -I../Middlewares/Third_Party/LwIP/src/include/posix/sys -I../Middlewares/Third_Party/LwIP/system/arch -I../Middlewares/Third_Party/LwIP/src/include/lwip -O0 -ffunction-sections -fdata-sections -g -fstack-usage -Wall -o Src\F769\F769_I2C.o ..\Src\F769\F769_I2C.c 
arm-atollic-eabi-gcc -c -mthumb -mcpu=cortex-m7 -mfloat-abi=hard -mfpu=fpv5-sp-d16 -std=gnu11 -D__weak=__attribute__((weak)) -D__packed=__attribute__((__packed__)) -DUSE_HAL_DRIVER -DSTM32F769xx -I../Drivers/STM32F7xx_HAL_Driver/Inc -I../Drivers/STM32F7xx_HAL_Driver/Inc/Legacy -I../Middlewares/ST/STM32_USB_Host_Library/Core/Inc -I../Middlewares/ST/STM32_USB_Host_Library/Class/MSC/Inc -I../Drivers/CMSIS/Device/ST/STM32F7xx/Include -I../Middlewares/Third_Party/FatFs/src -I../Drivers/CMSIS/Include -I../Project_Headers -I../Project_Source -I../Project_Source/Event_Management -I../Project_Source/Threat_Management -I../VisionShared -I../VisionShared/MasterInterface -I../VisionShared/TagTypes -I../Fonts -I../Header -I../Header/F769 -I../Header/BSP -I../Header/ICs -I../Project_Source/USB -I../Project_Source/System_Control -I../Project_Source/Interface -I../Middlewares/Third_Party/LwIP/system -I../LWIP -I../Middlewares/Third_Party/LwIP/src/include/lwip/prot -I../Middlewares/Third_Party/LwIP/src/include -I../Middlewares/Third_Party/LwIP/src/include/netif/ppp -I../Middlewares/Third_Party/LwIP/src/include/lwip/apps -I../Middlewares/Third_Party/LwIP/src/include/lwip/priv -I../Middlewares/Third_Party/LwIP/src/include/netif -I../Middlewares/Third_Party/LwIP/src/include/posix -I../Middlewares/Third_Party/LwIP/src/include/posix/sys -I../Middlewares/Third_Party/LwIP/system/arch -I../Middlewares/Third_Party/LwIP/src/include/lwip -O0 -ffunction-sections -fdata-sections -g -fstack-usage -Wall -o Project_Source\App_Debug.o ..\Project_Source\App_Debug.c 
arm-atollic-eabi-gcc -c -mthumb -mcpu=cortex-m7 -mfloat-abi=hard -mfpu=fpv5-sp-d16 -std=gnu11 -D__weak=__attribute__((weak)) -D__packed=__attribute__((__packed__)) -DUSE_HAL_DRIVER -DSTM32F769xx -I../Drivers/STM32F7xx_HAL_Driver/Inc -I../Drivers/STM32F7xx_HAL_Driver/Inc/Legacy -I../Middlewares/ST/STM32_USB_Host_Library/Core/Inc -I../Middlewares/ST/STM32_USB_Host_Library/Class/MSC/Inc -I../Drivers/CMSIS/Device/ST/STM32F7xx/Include -I../Middlewares/Third_Party/FatFs/src -I../Drivers/CMSIS/Include -I../Project_Headers -I../Project_Source -I../Project_Source/Event_Management -I../Project_Source/Threat_Management -I../VisionShared -I../VisionShared/MasterInterface -I../VisionShared/TagTypes -I../Fonts -I../Header -I../Header/F769 -I../Header/BSP -I../Header/ICs -I../Project_Source/USB -I../Project_Source/System_Control -I../Project_Source/Interface -I../Middlewares/Third_Party/LwIP/system -I../LWIP -I../Middlewares/Third_Party/LwIP/src/include/lwip/prot -I../Middlewares/Third_Party/LwIP/src/include -I../Middlewares/Third_Party/LwIP/src/include/netif/ppp -I../Middlewares/Third_Party/LwIP/src/include/lwip/apps -I../Middlewares/Third_Party/LwIP/src/include/lwip/priv -I../Middlewares/Third_Party/LwIP/src/include/netif -I../Middlewares/Third_Party/LwIP/src/include/posix -I../Middlewares/Third_Party/LwIP/src/include/posix/sys -I../Middlewares/Third_Party/LwIP/system/arch -I../Middlewares/Third_Party/LwIP/src/include/lwip -O0 -ffunction-sections -fdata-sections -g -fstack-usage -Wall -o Src\main.o ..\Src\main.c 
In file included from ..\Project_Source\App_Debug.c:3:0:
../Project_Headers/App_Debug.h:14:1: warning: "/*" within comment [-Wcomment]
 /*--------------------------------
  
arm-atollic-eabi-gcc -c -mthumb -mcpu=cortex-m7 -mfloat-abi=hard -mfpu=fpv5-sp-d16 -std=gnu11 -D__weak=__attribute__((weak)) -D__packed=__attribute__((__packed__)) -DUSE_HAL_DRIVER -DSTM32F769xx -I../Drivers/STM32F7xx_HAL_Driver/Inc -I../Drivers/STM32F7xx_HAL_Driver/Inc/Legacy -I../Middlewares/ST/STM32_USB_Host_Library/Core/Inc -I../Middlewares/ST/STM32_USB_Host_Library/Class/MSC/Inc -I../Drivers/CMSIS/Device/ST/STM32F7xx/Include -I../Middlewares/Third_Party/FatFs/src -I../Drivers/CMSIS/Include -I../Project_Headers -I../Project_Source -I../Project_Source/Event_Management -I../Project_Source/Threat_Management -I../VisionShared -I../VisionShared/MasterInterface -I../VisionShared/TagTypes -I../Fonts -I../Header -I../Header/F769 -I../Header/BSP -I../Header/ICs -I../Project_Source/USB -I../Project_Source/System_Control -I../Project_Source/Interface -I../Middlewares/Third_Party/LwIP/system -I../LWIP -I../Middlewares/Third_Party/LwIP/src/include/lwip/prot -I../Middlewares/Third_Party/LwIP/src/include -I../Middlewares/Third_Party/LwIP/src/include/netif/ppp -I../Middlewares/Third_Party/LwIP/src/include/lwip/apps -I../Middlewares/Third_Party/LwIP/src/include/lwip/priv -I../Middlewares/Third_Party/LwIP/src/include/netif -I../Middlewares/Third_Party/LwIP/src/include/posix -I../Middlewares/Third_Party/LwIP/src/include/posix/sys -I../Middlewares/Third_Party/LwIP/system/arch -I../Middlewares/Third_Party/LwIP/src/include/lwip -O0 -ffunction-sections -fdata-sections -g -fstack-usage -Wall -o Src\Drivers\S28GL01GS.o ..\Src\Drivers\S28GL01GS.c 
In file included from ../Header/Global_Variables.h:95:0,
                 from ../Header/F769/F769_I2C.h:14,
                 from ..\Src\F769\F769_I2C.c:8:
../Header/F769/F769_LCD.h:46:1: warning: "/*" within comment [-Wcomment]
 /*=== Define to prevent recursive inclusion ===*/
  
In file included from ../Header/Global_Variables.h:95:0,
                 from ../Header/F769/F769_I2C.h:14,
                 from ..\Src\F769\F769_I2C.c:8:
../Header/F769/F769_LCD.h:99:20: warning: extra tokens at end of #ifdef directive
  #ifdef __cplusplus{
                    ^
In file included from ../Header/Global_Variables.h:118:0,
                 from ../Header/F769/F769_I2C.h:14,
                 from ..\Src\F769\F769_I2C.c:8:
../Project_Headers/App_Debug.h:14:1: warning: "/*" within comment [-Wcomment]
 /*--------------------------------
  
arm-atollic-eabi-gcc -c -mthumb -mcpu=cortex-m7 -mfloat-abi=hard -mfpu=fpv5-sp-d16 -std=gnu11 -D__weak=__attribute__((weak)) -D__packed=__attribute__((__packed__)) -DUSE_HAL_DRIVER -DSTM32F769xx -I../Drivers/STM32F7xx_HAL_Driver/Inc -I../Drivers/STM32F7xx_HAL_Driver/Inc/Legacy -I../Middlewares/ST/STM32_USB_Host_Library/Core/Inc -I../Middlewares/ST/STM32_USB_Host_Library/Class/MSC/Inc -I../Drivers/CMSIS/Device/ST/STM32F7xx/Include -I../Middlewares/Third_Party/FatFs/src -I../Drivers/CMSIS/Include -I../Project_Headers -I../Project_Source -I../Project_Source/Event_Management -I../Project_Source/Threat_Management -I../VisionShared -I../VisionShared/MasterInterface -I../VisionShared/TagTypes -I../Fonts -I../Header -I../Header/F769 -I../Header/BSP -I../Header/ICs -I../Project_Source/USB -I../Project_Source/System_Control -I../Project_Source/Interface -I../Middlewares/Third_Party/LwIP/system -I../LWIP -I../Middlewares/Third_Party/LwIP/src/include/lwip/prot -I../Middlewares/Third_Party/LwIP/src/include -I../Middlewares/Third_Party/LwIP/src/include/netif/ppp -I../Middlewares/Third_Party/LwIP/src/include/lwip/apps -I../Middlewares/Third_Party/LwIP/src/include/lwip/priv -I../Middlewares/Third_Party/LwIP/src/include/netif -I../Middlewares/Third_Party/LwIP/src/include/posix -I../Middlewares/Third_Party/LwIP/src/include/posix/sys -I../Middlewares/Third_Party/LwIP/system/arch -I../Middlewares/Third_Party/LwIP/src/include/lwip -O0 -ffunction-sections -fdata-sections -g -fstack-usage -Wall -o Src\F769\F769_Init.o ..\Src\F769\F769_Init.c 
In file included from ../Header/Global_Variables.h:95:0,
                 from ../Project_Headers/App_Debug.h:19,
                 from ..\Project_Source\App_Debug.c:3:
../Header/F769/F769_LCD.h:46:1: warning: "/*" within comment [-Wcomment]
 /*=== Define to prevent recursive inclusion ===*/
  
In file included from ../Header/Global_Variables.h:95:0,
                 from ../Project_Headers/App_Debug.h:19,
                 from ..\Project_Source\App_Debug.c:3:
../Header/F769/F769_LCD.h:99:20: warning: extra tokens at end of #ifdef directive
  #ifdef __cplusplus{
                    ^
In file included from ../Header/Global_Variables.h:118:0,
                 from ../Project_Headers/App_Debug.h:19,
                 from ..\Project_Source\App_Debug.c:3:
../Project_Headers/App_Debug.h:14:1: warning: "/*" within comment [-Wcomment]
 /*--------------------------------
  
arm-atollic-eabi-gcc -c -mthumb -mcpu=cortex-m7 -mfloat-abi=hard -mfpu=fpv5-sp-d16 -std=gnu11 -D__weak=__attribute__((weak)) -D__packed=__attribute__((__packed__)) -DUSE_HAL_DRIVER -DSTM32F769xx -I../Drivers/STM32F7xx_HAL_Driver/Inc -I../Drivers/STM32F7xx_HAL_Driver/Inc/Legacy -I../Middlewares/ST/STM32_USB_Host_Library/Core/Inc -I../Middlewares/ST/STM32_USB_Host_Library/Class/MSC/Inc -I../Drivers/CMSIS/Device/ST/STM32F7xx/Include -I../Middlewares/Third_Party/FatFs/src -I../Drivers/CMSIS/Include -I../Project_Headers -I../Project_Source -I../Project_Source/Event_Management -I../Project_Source/Threat_Management -I../VisionShared -I../VisionShared/MasterInterface -I../VisionShared/TagTypes -I../Fonts -I../Header -I../Header/F769 -I../Header/BSP -I../Header/ICs -I../Project_Source/USB -I../Project_Source/System_Control -I../Project_Source/Interface -I../Middlewares/Third_Party/LwIP/system -I../LWIP -I../Middlewares/Third_Party/LwIP/src/include/lwip/prot -I../Middlewares/Third_Party/LwIP/src/include -I../Middlewares/Third_Party/LwIP/src/include/netif/ppp -I../Middlewares/Third_Party/LwIP/src/include/lwip/apps -I../Middlewares/Third_Party/LwIP/src/include/lwip/priv -I../Middlewares/Third_Party/LwIP/src/include/netif -I../Middlewares/Third_Party/LwIP/src/include/posix -I../Middlewares/Third_Party/LwIP/src/include/posix/sys -I../Middlewares/Third_Party/LwIP/system/arch -I../Middlewares/Third_Party/LwIP/src/include/lwip -O0 -ffunction-sections -fdata-sections -g -fstack-usage -Wall -o Project_Source\Event_Management\App_Railbound_Events.o ..\Project_Source\Event_Management\App_Railbound_Events.c 
arm-atollic-eabi-gcc -c -mthumb -mcpu=cortex-m7 -mfloat-abi=hard -mfpu=fpv5-sp-d16 -std=gnu11 -D__weak=__attribute__((weak)) -D__packed=__attribute__((__packed__)) -DUSE_HAL_DRIVER -DSTM32F769xx -I../Drivers/STM32F7xx_HAL_Driver/Inc -I../Drivers/STM32F7xx_HAL_Driver/Inc/Legacy -I../Middlewares/ST/STM32_USB_Host_Library/Core/Inc -I../Middlewares/ST/STM32_USB_Host_Library/Class/MSC/Inc -I../Drivers/CMSIS/Device/ST/STM32F7xx/Include -I../Middlewares/Third_Party/FatFs/src -I../Drivers/CMSIS/Include -I../Project_Headers -I../Project_Source -I../Project_Source/Event_Management -I../Project_Source/Threat_Management -I../VisionShared -I../VisionShared/MasterInterface -I../VisionShared/TagTypes -I../Fonts -I../Header -I../Header/F769 -I../Header/BSP -I../Header/ICs -I../Project_Source/USB -I../Project_Source/System_Control -I../Project_Source/Interface -I../Middlewares/Third_Party/LwIP/system -I../LWIP -I../Middlewares/Third_Party/LwIP/src/include/lwip/prot -I../Middlewares/Third_Party/LwIP/src/include -I../Middlewares/Third_Party/LwIP/src/include/netif/ppp -I../Middlewares/Third_Party/LwIP/src/include/lwip/apps -I../Middlewares/Third_Party/LwIP/src/include/lwip/priv -I../Middlewares/Third_Party/LwIP/src/include/netif -I../Middlewares/Third_Party/LwIP/src/include/posix -I../Middlewares/Third_Party/LwIP/src/include/posix/sys -I../Middlewares/Third_Party/LwIP/system/arch -I../Middlewares/Third_Party/LwIP/src/include/lwip -O0 -ffunction-sections -fdata-sections -g -fstack-usage -Wall -o Project_Source\USB\USB_Image.o ..\Project_Source\USB\USB_Image.c 
In file included from ../Header/Global_Variables.h:95:0,
                 from ../LWIP/tcp_echoclient.h:50,
                 from ..\Src\main.c:53:
../Header/F769/F769_LCD.h:46:1: warning: "/*" within comment [-Wcomment]
 /*=== Define to prevent recursive inclusion ===*/
  
In file included from ../Header/Global_Variables.h:95:0,
                 from ../LWIP/tcp_echoclient.h:50,
                 from ..\Src\main.c:53:
../Header/F769/F769_LCD.h:99:20: warning: extra tokens at end of #ifdef directive
  #ifdef __cplusplus{
                    ^
In file included from ../Header/Global_Variables.h:118:0,
                 from ../LWIP/tcp_echoclient.h:50,
                 from ..\Src\main.c:53:
../Project_Headers/App_Debug.h:14:1: warning: "/*" within comment [-Wcomment]
 /*--------------------------------
  
..\Src\main.c: In function 'main':
..\Src\main.c:181:11: warning: unused variable 'text_buffer' [-Wunused-variable]
   uint8_t text_buffer[100];
           ^~~~~~~~~~~
..\Src\main.c:284:3: warning: implicit declaration of function 'LCD_Brightness_Control' [-Wimplicit-function-declaration]
   LCD_Brightness_Control();
   ^~~~~~~~~~~~~~~~~~~~~~
..\Src\main.c:161:28: warning: unused variable 'huartx' [-Wunused-variable]
  extern UART_HandleTypeDef huartx[COMn];
                            ^~~~~~
..\Src\main.c:160:17: warning: unused variable 'RF_RX_OK' [-Wunused-variable]
  extern uint8_t RF_RX_OK;
                 ^~~~~~~~
..\Src\main.c: At top level:
..\Src\main.c:72:13: warning: 'Netif_Config' declared 'static' but never defined [-Wunused-function]
 static void Netif_Config(void);
             ^~~~~~~~~~~~
In file included from ../Header/Global_Variables.h:95:0,
                 from ../Header/ICs/S29GL01GS.h:10,
                 from ..\Src\Drivers\S28GL01GS.c:9:
../Header/F769/F769_LCD.h:46:1: warning: "/*" within comment [-Wcomment]
 /*=== Define to prevent recursive inclusion ===*/
  
In file included from ../Header/Global_Variables.h:95:0,
                 from ../Header/ICs/S29GL01GS.h:10,
                 from ..\Src\Drivers\S28GL01GS.c:9:
../Header/F769/F769_LCD.h:99:20: warning: extra tokens at end of #ifdef directive
  #ifdef __cplusplus{
                    ^
In file included from ../Header/Global_Variables.h:118:0,
                 from ../Header/ICs/S29GL01GS.h:10,
                 from ..\Src\Drivers\S28GL01GS.c:9:
../Project_Headers/App_Debug.h:14:1: warning: "/*" within comment [-Wcomment]
 /*--------------------------------
  
arm-atollic-eabi-gcc -c -mthumb -mcpu=cortex-m7 -mfloat-abi=hard -mfpu=fpv5-sp-d16 -std=gnu11 -D__weak=__attribute__((weak)) -D__packed=__attribute__((__packed__)) -DUSE_HAL_DRIVER -DSTM32F769xx -I../Drivers/STM32F7xx_HAL_Driver/Inc -I../Drivers/STM32F7xx_HAL_Driver/Inc/Legacy -I../Middlewares/ST/STM32_USB_Host_Library/Core/Inc -I../Middlewares/ST/STM32_USB_Host_Library/Class/MSC/Inc -I../Drivers/CMSIS/Device/ST/STM32F7xx/Include -I../Middlewares/Third_Party/FatFs/src -I../Drivers/CMSIS/Include -I../Project_Headers -I../Project_Source -I../Project_Source/Event_Management -I../Project_Source/Threat_Management -I../VisionShared -I../VisionShared/MasterInterface -I../VisionShared/TagTypes -I../Fonts -I../Header -I../Header/F769 -I../Header/BSP -I../Header/ICs -I../Project_Source/USB -I../Project_Source/System_Control -I../Project_Source/Interface -I../Middlewares/Third_Party/LwIP/system -I../LWIP -I../Middlewares/Third_Party/LwIP/src/include/lwip/prot -I../Middlewares/Third_Party/LwIP/src/include -I../Middlewares/Third_Party/LwIP/src/include/netif/ppp -I../Middlewares/Third_Party/LwIP/src/include/lwip/apps -I../Middlewares/Third_Party/LwIP/src/include/lwip/priv -I../Middlewares/Third_Party/LwIP/src/include/netif -I../Middlewares/Third_Party/LwIP/src/include/posix -I../Middlewares/Third_Party/LwIP/src/include/posix/sys -I../Middlewares/Third_Party/LwIP/system/arch -I../Middlewares/Third_Party/LwIP/src/include/lwip -O0 -ffunction-sections -fdata-sections -g -fstack-usage -Wall -o Src\stm32f7xx_it.o ..\Src\stm32f7xx_it.c 
..\Src\Drivers\S28GL01GS.c: In function 'S29GL01GS_Init':
..\Src\Drivers\S28GL01GS.c:50:24: warning: variable 'Status' set but not used [-Wunused-but-set-variable]
  HAL_NOR_StatusTypeDef Status;
                        ^~~~~~
In file included from ../Header/Global_Variables.h:95:0,
                 from ../Header/F769/F769_Init.h:11,
                 from ..\Src\F769\F769_Init.c:8:
../Header/F769/F769_LCD.h:46:1: warning: "/*" within comment [-Wcomment]
 /*=== Define to prevent recursive inclusion ===*/
  
In file included from ../Header/Global_Variables.h:95:0,
                 from ../Header/F769/F769_Init.h:11,
                 from ..\Src\F769\F769_Init.c:8:
../Header/F769/F769_LCD.h:99:20: warning: extra tokens at end of #ifdef directive
  #ifdef __cplusplus{
                    ^
In file included from ../Header/Global_Variables.h:118:0,
                 from ../Header/F769/F769_Init.h:11,
                 from ..\Src\F769\F769_Init.c:8:
../Project_Headers/App_Debug.h:14:1: warning: "/*" within comment [-Wcomment]
 /*--------------------------------
  
arm-atollic-eabi-gcc -c -mthumb -mcpu=cortex-m7 -mfloat-abi=hard -mfpu=fpv5-sp-d16 -std=gnu11 -D__weak=__attribute__((weak)) -D__packed=__attribute__((__packed__)) -DUSE_HAL_DRIVER -DSTM32F769xx -I../Drivers/STM32F7xx_HAL_Driver/Inc -I../Drivers/STM32F7xx_HAL_Driver/Inc/Legacy -I../Middlewares/ST/STM32_USB_Host_Library/Core/Inc -I../Middlewares/ST/STM32_USB_Host_Library/Class/MSC/Inc -I../Drivers/CMSIS/Device/ST/STM32F7xx/Include -I../Middlewares/Third_Party/FatFs/src -I../Drivers/CMSIS/Include -I../Project_Headers -I../Project_Source -I../Project_Source/Event_Management -I../Project_Source/Threat_Management -I../VisionShared -I../VisionShared/MasterInterface -I../VisionShared/TagTypes -I../Fonts -I../Header -I../Header/F769 -I../Header/BSP -I../Header/ICs -I../Project_Source/USB -I../Project_Source/System_Control -I../Project_Source/Interface -I../Middlewares/Third_Party/LwIP/system -I../LWIP -I../Middlewares/Third_Party/LwIP/src/include/lwip/prot -I../Middlewares/Third_Party/LwIP/src/include -I../Middlewares/Third_Party/LwIP/src/include/netif/ppp -I../Middlewares/Third_Party/LwIP/src/include/lwip/apps -I../Middlewares/Third_Party/LwIP/src/include/lwip/priv -I../Middlewares/Third_Party/LwIP/src/include/netif -I../Middlewares/Third_Party/LwIP/src/include/posix -I../Middlewares/Third_Party/LwIP/src/include/posix/sys -I../Middlewares/Third_Party/LwIP/system/arch -I../Middlewares/Third_Party/LwIP/src/include/lwip -O0 -ffunction-sections -fdata-sections -g -fstack-usage -Wall -o LWIP\tcp_echoclient.o ..\LWIP\tcp_echoclient.c 
In file included from ../Header/Global_Variables.h:95:0,
                 from ..\Project_Source\Event_Management\App_Railbound_Events.h:11,
                 from ..\Project_Source\Event_Management\App_Railbound_Events.c:8:
../Header/F769/F769_LCD.h:46:1: warning: "/*" within comment [-Wcomment]
 /*=== Define to prevent recursive inclusion ===*/
  
In file included from ../Header/Global_Variables.h:95:0,
                 from ..\Project_Source\Event_Management\App_Railbound_Events.h:11,
                 from ..\Project_Source\Event_Management\App_Railbound_Events.c:8:
../Header/F769/F769_LCD.h:99:20: warning: extra tokens at end of #ifdef directive
  #ifdef __cplusplus{
                    ^
In file included from ../Header/Global_Variables.h:118:0,
                 from ..\Project_Source\Event_Management\App_Railbound_Events.h:11,
                 from ..\Project_Source\Event_Management\App_Railbound_Events.c:8:
../Project_Headers/App_Debug.h:14:1: warning: "/*" within comment [-Wcomment]
 /*--------------------------------
  
arm-atollic-eabi-gcc -c -mthumb -mcpu=cortex-m7 -mfloat-abi=hard -mfpu=fpv5-sp-d16 -std=gnu11 -D__weak=__attribute__((weak)) -D__packed=__attribute__((__packed__)) -DUSE_HAL_DRIVER -DSTM32F769xx -I../Drivers/STM32F7xx_HAL_Driver/Inc -I../Drivers/STM32F7xx_HAL_Driver/Inc/Legacy -I../Middlewares/ST/STM32_USB_Host_Library/Core/Inc -I../Middlewares/ST/STM32_USB_Host_Library/Class/MSC/Inc -I../Drivers/CMSIS/Device/ST/STM32F7xx/Include -I../Middlewares/Third_Party/FatFs/src -I../Drivers/CMSIS/Include -I../Project_Headers -I../Project_Source -I../Project_Source/Event_Management -I../Project_Source/Threat_Management -I../VisionShared -I../VisionShared/MasterInterface -I../VisionShared/TagTypes -I../Fonts -I../Header -I../Header/F769 -I../Header/BSP -I../Header/ICs -I../Project_Source/USB -I../Project_Source/System_Control -I../Project_Source/Interface -I../Middlewares/Third_Party/LwIP/system -I../LWIP -I../Middlewares/Third_Party/LwIP/src/include/lwip/prot -I../Middlewares/Third_Party/LwIP/src/include -I../Middlewares/Third_Party/LwIP/src/include/netif/ppp -I../Middlewares/Third_Party/LwIP/src/include/lwip/apps -I../Middlewares/Third_Party/LwIP/src/include/lwip/priv -I../Middlewares/Third_Party/LwIP/src/include/netif -I../Middlewares/Third_Party/LwIP/src/include/posix -I../Middlewares/Third_Party/LwIP/src/include/posix/sys -I../Middlewares/Third_Party/LwIP/system/arch -I../Middlewares/Third_Party/LwIP/src/include/lwip -O0 -ffunction-sections -fdata-sections -g -fstack-usage -Wall -o Project_Source\Interface\MaxusX_Images.o ..\Project_Source\Interface\MaxusX_Images.c 
..\Project_Source\Event_Management\App_Railbound_Events.c: In function 'App_Railbound_Events_Handler':
..\Project_Source\Event_Management\App_Railbound_Events.c:4811:10: warning: unused variable 'GenericEventData' [-Wunused-variable]
  uint8_t GenericEventData[8] = {0};
          ^~~~~~~~~~~~~~~~
In file included from ../Header/Global_Variables.h:95:0,
                 from ..\Project_Source\USB\USB_Image.h:10,
                 from ..\Project_Source\USB\USB_Image.c:8:
../Header/F769/F769_LCD.h:46:1: warning: "/*" within comment [-Wcomment]
 /*=== Define to prevent recursive inclusion ===*/
  
In file included from ../Header/Global_Variables.h:95:0,
                 from ..\Project_Source\USB\USB_Image.h:10,
                 from ..\Project_Source\USB\USB_Image.c:8:
../Header/F769/F769_LCD.h:99:20: warning: extra tokens at end of #ifdef directive
  #ifdef __cplusplus{
                    ^
In file included from ../Header/Global_Variables.h:118:0,
                 from ..\Project_Source\USB\USB_Image.h:10,
                 from ..\Project_Source\USB\USB_Image.c:8:
../Project_Headers/App_Debug.h:14:1: warning: "/*" within comment [-Wcomment]
 /*--------------------------------
  
..\Project_Source\USB\USB_Image.c: In function 'Explore_Disk_Images':
..\Project_Source\USB\USB_Image.c:191:6: warning: variable 'j' set but not used [-Wunused-but-set-variable]
  int j = 0;
      ^
..\Project_Source\USB\USB_Image.c:185:7: warning: variable 'Number_String' set but not used [-Wunused-but-set-variable]
  char Number_String[4];
       ^~~~~~~~~~~~~
..\Project_Source\USB\USB_Image.c: In function 'Image_Browser':
..\Project_Source\USB\USB_Image.c:340:6: warning: implicit declaration of function 'Bin2BCD' [-Wimplicit-function-declaration]
      Bin2BCD(k, Image_name, 3);
      ^~~~~~~
..\Project_Source\USB\USB_Image.c:289:11: warning: unused variable 'test_int' [-Wunused-variable]
  uint16_t test_int = Number_Of_Images;
arm-atollic-eabi-gcc -c -mthumb -mcpu=cortex-m7 -mfloat-abi=hard -mfpu=fpv5-sp-d16 -std=gnu11 -D__weak=__attribute__((weak)) -D__packed=__attribute__((__packed__)) -DUSE_HAL_DRIVER -DSTM32F769xx -I../Drivers/STM32F7xx_HAL_Driver/Inc -I../Drivers/STM32F7xx_HAL_Driver/Inc/Legacy -I../Middlewares/ST/STM32_USB_Host_Library/Core/Inc -I../Middlewares/ST/STM32_USB_Host_Library/Class/MSC/Inc -I../Drivers/CMSIS/Device/ST/STM32F7xx/Include -I../Middlewares/Third_Party/FatFs/src -I../Drivers/CMSIS/Include -I../Project_Headers -I../Project_Source -I../Project_Source/Event_Management -I../Project_Source/Threat_Management -I../VisionShared -I../VisionShared/MasterInterface -I../VisionShared/TagTypes -I../Fonts -I../Header -I../Header/F769 -I../Header/BSP -I../Header/ICs -I../Project_Source/USB -I../Project_Source/System_Control -I../Project_Source/Interface -I../Middlewares/Third_Party/LwIP/system -I../LWIP -I../Middlewares/Third_Party/LwIP/src/include/lwip/prot -I../Middlewares/Third_Party/LwIP/src/include -I../Middlewares/Third_Party/LwIP/src/include/netif/ppp -I../Middlewares/Third_Party/LwIP/src/include/lwip/apps -I../Middlewares/Third_Party/LwIP/src/include/lwip/priv -I../Middlewares/Third_Party/LwIP/src/include/netif -I../Middlewares/Third_Party/LwIP/src/include/posix -I../Middlewares/Third_Party/LwIP/src/include/posix/sys -I../Middlewares/Third_Party/LwIP/system/arch -I../Middlewares/Third_Party/LwIP/src/include/lwip -O0 -ffunction-sections -fdata-sections -g -fstack-usage -Wall -o Project_Source\App_Pins.o ..\Project_Source\App_Pins.c 
           ^~~~~~~~
..\Project_Source\USB\USB_Image.c:288:7: warning: unused variable 'test_string' [-Wunused-variable]
  char test_string[5];
       ^~~~~~~~~~~
..\Project_Source\USB\USB_Image.c: In function 'Do_Image':
..\Project_Source\USB\USB_Image.c:380:8: warning: unused variable 'mynewdiskFatFs' [-Wunused-variable]
  FATFS mynewdiskFatFs;
        ^~~~~~~~~~~~~~
..\Project_Source\USB\USB_Image.c:379:10: warning: variable 'res' set but not used [-Wunused-but-set-variable]
  FRESULT res;
          ^~~
..\Project_Source\USB\USB_Image.c: In function 'Show_Image':
..\Project_Source\USB\USB_Image.c:417:24: warning: variable 'Result' set but not used [-Wunused-but-set-variable]
  HAL_NOR_StatusTypeDef Result;
                        ^~~~~~
..\Project_Source\USB\USB_Image.c:414:11: warning: unused variable 'dataBuf1' [-Wunused-variable]
  uint16_t dataBuf1[IMAGE_BUFFER_SIZE/2] = {0};
           ^~~~~~~~
..\Project_Source\USB\USB_Image.c: In function 'Update_Images_Now':
..\Project_Source\USB\USB_Image.c:449:1: error: expected declaration or statement at end of input
 }
 ^
At top level:
..\Project_Source\USB\USB_Image.c:407:6: warning: 'Show_Image' defined but not used [-Wunused-function]
 void Show_Image(uint16_t x, uint16_t y, uint16_t index)
      ^~~~~~~~~~
..\Project_Source\USB\USB_Image.c:377:6: warning: 'Do_Image' defined but not used [-Wunused-function]
 void Do_Image(char *FileName, uint16_t imagenumber)
      ^~~~~~~~
..\Project_Source\USB\USB_Image.c:273:9: warning: 'Image_Browser' defined but not used [-Wunused-function]
 uint8_t Image_Browser (char* path, uint8_t Image_Count)
         ^~~~~~~~~~~~~
..\Project_Source\USB\USB_Image.c:176:6: warning: 'Explore_Disk_Images' defined but not used [-Wunused-function]
 bool Explore_Disk_Images(char* path, uint8_t recu_level)
      ^~~~~~~~~~~~~~~~~~~
In file included from ../Header/Global_Variables.h:95:0,
                 from ../Header/F769/F769_UART.h:11,
                 from ..\Src\stm32f7xx_it.c:37:
../Header/F769/F769_LCD.h:46:1: warning: "/*" within comment [-Wcomment]
 /*=== Define to prevent recursive inclusion ===*/
  
In file included from ../Header/Global_Variables.h:95:0,
                 from ../Header/F769/F769_UART.h:11,
                 from ..\Src\stm32f7xx_it.c:37:
../Header/F769/F769_LCD.h:99:20: warning: extra tokens at end of #ifdef directive
  #ifdef __cplusplus{
                    ^
In file included from ../Header/Global_Variables.h:118:0,
                 from ../Header/F769/F769_UART.h:11,
                 from ..\Src\stm32f7xx_it.c:37:
../Project_Headers/App_Debug.h:14:1: warning: "/*" within comment [-Wcomment]
 /*--------------------------------
  
..\Src\stm32f7xx_it.c: In function 'USART1_IRQHandler':
..\Src\stm32f7xx_it.c:249:11: warning: unused variable 'rx_byte' [-Wunused-variable]
   uint8_t rx_byte = huartx[COM_EXP1].Instance->RDR;  //Load received byte into temporary buffer
           ^~~~~~~
..\Src\stm32f7xx_it.c: In function 'UART5_IRQHandler':
..\Src\stm32f7xx_it.c:281:11: warning: unused variable 'rx_byte' [-Wunused-variable]
arm-atollic-eabi-gcc -c -mthumb -mcpu=cortex-m7 -mfloat-abi=hard -mfpu=fpv5-sp-d16 -std=gnu11 -D__weak=__attribute__((weak)) -D__packed=__attribute__((__packed__)) -DUSE_HAL_DRIVER -DSTM32F769xx -I../Drivers/STM32F7xx_HAL_Driver/Inc -I../Drivers/STM32F7xx_HAL_Driver/Inc/Legacy -I../Middlewares/ST/STM32_USB_Host_Library/Core/Inc -I../Middlewares/ST/STM32_USB_Host_Library/Class/MSC/Inc -I../Drivers/CMSIS/Device/ST/STM32F7xx/Include -I../Middlewares/Third_Party/FatFs/src -I../Drivers/CMSIS/Include -I../Project_Headers -I../Project_Source -I../Project_Source/Event_Management -I../Project_Source/Threat_Management -I../VisionShared -I../VisionShared/MasterInterface -I../VisionShared/TagTypes -I../Fonts -I../Header -I../Header/F769 -I../Header/BSP -I../Header/ICs -I../Project_Source/USB -I../Project_Source/System_Control -I../Project_Source/Interface -I../Middlewares/Third_Party/LwIP/system -I../LWIP -I../Middlewares/Third_Party/LwIP/src/include/lwip/prot -I../Middlewares/Third_Party/LwIP/src/include -I../Middlewares/Third_Party/LwIP/src/include/netif/ppp -I../Middlewares/Third_Party/LwIP/src/include/lwip/apps -I../Middlewares/Third_Party/LwIP/src/include/lwip/priv -I../Middlewares/Third_Party/LwIP/src/include/netif -I../Middlewares/Third_Party/LwIP/src/include/posix -I../Middlewares/Third_Party/LwIP/src/include/posix/sys -I../Middlewares/Third_Party/LwIP/system/arch -I../Middlewares/Third_Party/LwIP/src/include/lwip -O0 -ffunction-sections -fdata-sections -g -fstack-usage -Wall -o Project_Source\App_VisionModules.o ..\Project_Source\App_VisionModules.c 
   uint8_t rx_byte = huartx[COM_External].Instance->RDR;  //Load received byte into temporary buffer
           ^~~~~~~
..\Src\stm32f7xx_it.c: In function 'USART6_IRQHandler':
..\Src\stm32f7xx_it.c:325:11: warning: unused variable 'rx_byte' [-Wunused-variable]
   uint8_t rx_byte = huartx[4].Instance->RDR;  //Load received byte into temporary buffer
           ^~~~~~~
arm-atollic-eabi-gcc -c -mthumb -mcpu=cortex-m7 -mfloat-abi=hard -mfpu=fpv5-sp-d16 -std=gnu11 -D__weak=__attribute__((weak)) -D__packed=__attribute__((__packed__)) -DUSE_HAL_DRIVER -DSTM32F769xx -I../Drivers/STM32F7xx_HAL_Driver/Inc -I../Drivers/STM32F7xx_HAL_Driver/Inc/Legacy -I../Middlewares/ST/STM32_USB_Host_Library/Core/Inc -I../Middlewares/ST/STM32_USB_Host_Library/Class/MSC/Inc -I../Drivers/CMSIS/Device/ST/STM32F7xx/Include -I../Middlewares/Third_Party/FatFs/src -I../Drivers/CMSIS/Include -I../Project_Headers -I../Project_Source -I../Project_Source/Event_Management -I../Project_Source/Threat_Management -I../VisionShared -I../VisionShared/MasterInterface -I../VisionShared/TagTypes -I../Fonts -I../Header -I../Header/F769 -I../Header/BSP -I../Header/ICs -I../Project_Source/USB -I../Project_Source/System_Control -I../Project_Source/Interface -I../Middlewares/Third_Party/LwIP/system -I../LWIP -I../Middlewares/Third_Party/LwIP/src/include/lwip/prot -I../Middlewares/Third_Party/LwIP/src/include -I../Middlewares/Third_Party/LwIP/src/include/netif/ppp -I../Middlewares/Third_Party/LwIP/src/include/lwip/apps -I../Middlewares/Third_Party/LwIP/src/include/lwip/priv -I../Middlewares/Third_Party/LwIP/src/include/netif -I../Middlewares/Third_Party/LwIP/src/include/posix -I../Middlewares/Third_Party/LwIP/src/include/posix/sys -I../Middlewares/Third_Party/LwIP/system/arch -I../Middlewares/Third_Party/LwIP/src/include/lwip -O0 -ffunction-sections -fdata-sections -g -fstack-usage -Wall -o Project_Source\HUB_2XX_CAN.o ..\Project_Source\HUB_2XX_CAN.c 
In file included from ../Header/Global_Variables.h:95:0,
                 from ..\LWIP\tcp_echoclient.h:50,
                 from ..\LWIP\tcp_echoclient.c:54:
../Header/F769/F769_LCD.h:46:1: warning: "/*" within comment [-Wcomment]
 /*=== Define to prevent recursive inclusion ===*/
  
In file included from ../Header/Global_Variables.h:95:0,
                 from ..\LWIP\tcp_echoclient.h:50,
                 from ..\LWIP\tcp_echoclient.c:54:
../Header/F769/F769_LCD.h:99:20: warning: extra tokens at end of #ifdef directive
  #ifdef __cplusplus{
                    ^
In file included from ../Header/Global_Variables.h:118:0,
                 from ..\LWIP\tcp_echoclient.h:50,
                 from ..\LWIP\tcp_echoclient.c:54:
../Project_Headers/App_Debug.h:14:1: warning: "/*" within comment [-Wcomment]
 /*--------------------------------
  
..\LWIP\tcp_echoclient.c: In function 'tcp_send_data':
..\LWIP\tcp_echoclient.c:219:31: warning: too many arguments for format [-Wformat-extra-args]
          sprintf((char*)data, "Test", " ");
                               ^~~~~~
..\LWIP\tcp_echoclient.c:224:31: warning: too many arguments for format [-Wformat-extra-args]
          sprintf((char*)data, "Hello", " ");
                               ^~~~~~~
At top level:
..\LWIP\tcp_echoclient.c:202:14: warning: 'tcp_send_data' defined but not used [-Wunused-function]
 static err_t tcp_send_data(void *arg, struct tcp_pcb *tpcb, err_t err)
              ^~~~~~~~~~~~~
In file included from ../Header/Global_Variables.h:95:0,
                 from ..\Project_Source\Interface\MaxusX_Images.h:6,
                 from ..\Project_Source\Interface\MaxusX_Images.c:8:
../Header/F769/F769_LCD.h:46:1: warning: "/*" within comment [-Wcomment]
 /*=== Define to prevent recursive inclusion ===*/
  
In file included from ../Header/Global_Variables.h:95:0,
                 from ..\Project_Source\Interface\MaxusX_Images.h:6,
                 from ..\Project_Source\Interface\MaxusX_Images.c:8:
../Header/F769/F769_LCD.h:99:20: warning: extra tokens at end of #ifdef directive
  #ifdef __cplusplus{
                    ^
In file included from ../Header/Global_Variables.h:118:0,
                 from ..\Project_Source\Interface\MaxusX_Images.h:6,
                 from ..\Project_Source\Interface\MaxusX_Images.c:8:
../Project_Headers/App_Debug.h:14:1: warning: "/*" within comment [-Wcomment]
 /*--------------------------------
  
Info: Parallel threads used: 7
